C51 COMPILER V9.00   SYSTEM_SLEEP                                                          11/24/2018 10:48:16 PAGE 1   


C51 COMPILER V9.00, COMPILATION OF MODULE SYSTEM_SLEEP
OBJECT MODULE PLACED IN .\Objects\system_sleep.obj
COMPILER INVOKED BY: D:\ProgramFiles\Keil_v5\C51\BIN\C51.EXE App_User\Source\system_sleep.c OPTIMIZE(8,SPEED) BROWSE INC
                    -DIR(.\Device;.\App_User\Include) DEBUG OBJECTEXTEND PRINT(.\Listings\system_sleep.lst) OBJECT(.\Objects\system_sleep.obj
                    -)

line level    source

   1          /*******************/
   2          /*头文件header file*/
   3          /*******************/
   4          #include "app_main.h"
   5          
   6          /************************/
   7          /*宏定义macro definition*/
   8          /************************/
   9          
  10          /*************************/
  11          /*类型定义byte definition*/
  12          /*************************/
  13          
  14          /****************************/
  15          /*标志位定义flags definetion*/
  16          /****************************/
  17          
  18          /*****************************/
  19          /*变量定义variable definition*/
  20          /*****************************/
  21          
  22          /**************************/
  23          /*数组定义array definition*/
  24          /**************************/
  25          
  26          /******************************/
  27          /*函数声明Function declaration*/
  28          /******************************/
  29          
  30          /*****************************/
  31          /*函数定义function definetion*/
  32          /*****************************/
  33          /*******************************************************************************
  34          * 函数原型：
  35          * 输入参数：
  36          * 输出参数：
  37          * 函数功能：把端口设置为省电模式
  38          * 返回值说明：
  39          * 创建日期：
  40          * 创建人：
  41          * 修改日期
  42          * 修改人：
  43          * 第N次修改：
  44          * 修改原因：
  45          * 备注：
  46          *******************************************************************************/
  47          void SetGPIO_Sleep(void)
  48          {
  49   1              P0 = 0x00;
  50   1              P1 = 0x00;
  51   1              P2 = 0x00;
  52   1              P3 = 0x00;
  53   1              P4 = 0x00;
C51 COMPILER V9.00   SYSTEM_SLEEP                                                          11/24/2018 10:48:16 PAGE 2   

  54   1              P5 = 0x00;
  55   1              P6 = 0x00;
  56   1      }
  57          
  58          /*******************************************************************************
  59          * 函数原型：
  60          * 输入参数：
  61          * 输出参数：
  62          * 函数功能：关闭定时器0-T0
  63          * 返回值说明：
  64          * 创建日期：
  65          * 创建人：
  66          * 修改日期
  67          * 修改人：
  68          * 第N次修改：
  69          * 修改原因：
  70          * 备注：
  71          *******************************************************************************/
  72          void InitT0_Sleep(void)
  73          {
  74   1              LVRCR = 0x01;  // 进 IDLE/STOP 不打开低压复位，低压复位关闭 0x01
  75   1              IE2 &= ~0x12;  // 关闭定时器 T0和T3 中断
  76   1              T0CR &= ~0x80; // 关闭 T0 定时器
  77   1              T3CR &= ~0x80; // 关闭 T0 定时器
  78   1              SetGPIO_Sleep();  // 配置省电模式 IO 口
  79   1      }
  80          
  81          /*******************************************************************************
  82          * 函数原型：
  83          * 输入参数：
  84          * 输出参数：
  85          * 函数功能：
  86          * 返回值说明：
  87          * 创建日期：
  88          * 创建人：
  89          * 修改日期
  90          * 修改人：
  91          * 第N次修改：
  92          * 修改原因：
  93          * 备注：
  94          *******************************************************************************/
  95          void CLKToCRYL(void)
  96          {
  97   1              SCCR = 0x02;      //外部副时钟做主时钟
  98   1              OSCCR |= 0x04;    //关闭内部RC，关闭外部副时钟振荡器
  99   1      }
 100          
 101          /*******************************************************************************
 102          * 函数原型：
 103          * 输入参数：
 104          * 输出参数：
 105          * 函数功能：进入STOP/IDLE模式之后必须立即写入三个以上的 NOP指令
 106          * 返回值说明：
 107          * 创建日期：
 108          * 创建人：
 109          * 修改日期
 110          * 修改人：
 111          * 第N次修改：
 112          * 修改原因：
 113          * 备注：
 114          *******************************************************************************/
 115          void IN_IDLE_Delay(void)
C51 COMPILER V9.00   SYSTEM_SLEEP                                                          11/24/2018 10:48:16 PAGE 3   

 116          {
 117   1              uint8_t idata tp0;//延时专用临时变量
 118   1              for(tp0=0;tp0<=10;tp0++)
 119   1                      ;
 120   1      }
 121          
 122          /*******************************************************************************
 123          * 函数原型：
 124          * 输入参数：
 125          * 输出参数：
 126          * 函数功能：系统初始化，用在掉电再上电之后
 127          * 返回值说明：
 128          * 创建日期：
 129          * 创建人：
 130          * 修改日期
 131          * 修改人：
 132          * 第N次修改：
 133          * 修改原因：
 134          * 备注：
 135          *******************************************************************************/
 136          void System_init(void)
 137          {
 138   1              cli();                  // disable INT. during peripheral setting
 139   1              port_init();            // initialize ports
 140   1              clock_init();           // initialize operation clock
 141   1              BUZ_init();             // initialize Buzzer
 142   1              LCD_init();             // initialize LCD
 143   1              Timer0_init();          // initialize Timer0
 144   1              Timer3_init();          // initialize Timer3
 145   1              sei();                  // enable INT.
 146   1      }
 147          
 148          /*******************************************************************************
 149          * 函数原型：
 150          * 输入参数：
 151          * 输出参数：
 152          * 函数功能：外接电源拔掉就进入
 153          * 返回值说明：
 154          * 创建日期：
 155          * 创建人：
 156          * 修改日期
 157          * 修改人：
 158          * 第N次修改：
 159          * 修改原因：
 160          * 备注：
 161          *******************************************************************************/
 162          /*备份数据*/
 163          uint8_t bk_Flag_DaylightSaving;
 164          uint8_t bk_sysVolume;//系统音量
 165          
 166          void DataBackups(void)
 167          {
 168   1              Alarm1_PowerOFF();
 169   1              BK_Alarm1_TypeDef=Alarm1_TypeDef;
 170   1              bk_Flag_DaylightSaving=Flag_DaylightSaving;
 171   1      }
 172          
 173          /*******************************************************************************
 174          * 函数原型：
 175          * 输入参数：
 176          * 输出参数：
 177          * 函数功能：外接电源拔掉就进入
C51 COMPILER V9.00   SYSTEM_SLEEP                                                          11/24/2018 10:48:16 PAGE 4   

 178          * 返回值说明：
 179          * 创建日期：
 180          * 创建人：
 181          * 修改日期
 182          * 修改人：
 183          * 第N次修改：
 184          * 修改原因：
 185          * 备注：
 186          *******************************************************************************/
 187          uint8_t  cntCheckDC_IDLE;
 188          void CheckDC(void)
 189          {
 190   1              uint8_t i;
 191   1              uint8_t data cntIDLE;
 192   1              if(!(CHECK_DC_DET()))////检测到电压降低，电池被拔了，然后进入这里
 193   1              {
 194   2                      cntCheckDC_IDLE++;
 195   2                      if(cntCheckDC_IDLE<=10)//100ms
 196   2                      {
 197   3                              return;//延时100ms
 198   3                      }
 199   2                      cntCheckDC_IDLE=12;
 200   2                      DataBackups();
 201   2                      PlayMode_TypeDef=PLAY_OFF;//设置为关机状态
 202   2                      ClearDisplayStatus();
 203   2                      InitT0_Sleep();
 204   2                      CLKToCRYL();
 205   2                      while(1)
 206   2                      {
 207   3                              PCON = 0x01;   //进入IDLE省电模式
 208   3                              IN_IDLE_Delay();//进入IDLE专用的3个NOP延时
 209   3                              cntIDLE=0;
 210   3                              while(CHECK_DC_DET())//如果检测到插入外接电源，就准备退出sleep
 211   3                              {
 212   4                                      for(i=0;i<16;i++)
 213   4                                              ;
 214   4                                      if(++cntIDLE>=4)//延时确定是否上电
 215   4                                              break;
 216   4                              }
 217   3                              if(cntIDLE>=4)
 218   3                                      break;
 219   3                      }
 220   2                      System_init();
 221   2              }
 222   1      }
 223          
 224          
 225          
 226          
 227          
 228          
 229          
 230          
 231          
 232          
 233          
 234          
 235          
 236          
 237          
 238          

C51 COMPILER V9.00   SYSTEM_SLEEP                                                          11/24/2018 10:48:16 PAGE 5   


MODULE INFORMATION:   STATIC OVERLAYABLE
   CODE SIZE        =    169    ----
   CONSTANT SIZE    =   ----    ----
   XDATA SIZE       =   ----    ----
   PDATA SIZE       =   ----    ----
   DATA SIZE        =      3    ----
   IDATA SIZE       =   ----       1
   BIT SIZE         =   ----    ----
END OF MODULE INFORMATION.


C51 COMPILATION COMPLETE.  0 WARNING(S),  0 ERROR(S)
